<?xml version="1.0" encoding="UTF-8"?>
<!-- Generated by org.testng.reporters.JUnitXMLReporter -->
<testsuite ignored="0" hostname="Mohammed_Arham" failures="1" tests="1" name="firefox test" time="29.709" errors="0" timestamp="2025-05-07T16:56:33 EDT">
  <testcase classname="testcases.TC001_AccountRegisterTest" name="verify_AccountRegistration" time="6.696">
    <failure type="java.lang.AssertionError" message="null">
      <![CDATA[java.lang.AssertionError: null
at testcases.TC001_AccountRegisterTest.verify_AccountRegistration(TC001_AccountRegisterTest.java:67)
at java.base/java.util.ArrayList.forEach(ArrayList.java:1596)
... Removed 27 stack frames]]>
    </failure>
  </testcase> <!-- verify_AccountRegistration -->
</testsuite> <!-- firefox test -->
